Using pre-set license
Built from '2020.2/staging' branch; Version is '2020.2.3f1 (8ff31bc5bf5b) revision 9433883'; Using compiler version '192528614'; Build Type 'Release'
OS: 'Windows 10 Home; OS build 22000.376; Version 2009; 64bit' Language: 'ja' Physical Memory: 16218 MB
BatchMode: 1, IsHumanControllingUs: 0, StartBugReporterOnCrash: 0, Is64bit: 1, IsPro: 0

 COMMAND LINE ARGUMENTS:
D:\2020.2.3f1\Editor\Unity.exe
-adb2
-batchMode
-noUpm
-name
AssetImportWorker0
-projectPath
C:/Users/81901/Desktop/Unity Projects/Sand Box Game
-logFile
Logs/AssetImportWorker0.log
-srvPort
54554
Successfully changed project path to: C:/Users/81901/Desktop/Unity Projects/Sand Box Game
C:/Users/81901/Desktop/Unity Projects/Sand Box Game
Using Asset Import Pipeline V2.
Refreshing native plugins compatible for Editor in 40.23 ms, found 0 plugins.
Preloading 0 native plugins for Editor in 0.00 ms.
Initialize engine version: 2020.2.3f1 (8ff31bc5bf5b)
[Subsystems] Discovering subsystems at path D:/2020.2.3f1/Editor/Data/Resources/UnitySubsystems
[Subsystems] Discovering subsystems at path C:/Users/81901/Desktop/Unity Projects/Sand Box Game/Assets
GfxDevice: creating device client; threaded=0
Direct3D:
    Version:  Direct3D 11.0 [level 11.1]
    Renderer: NVIDIA GeForce MX250 (ID=0x1d13)
    Vendor:   
    VRAM:     1983 MB
    Driver:   27.21.14.6230
Initialize mono
Mono path[0] = 'D:/2020.2.3f1/Editor/Data/Managed'
Mono path[1] = 'D:/2020.2.3f1/Editor/Data/MonoBleedingEdge/lib/mono/unityjit'
Mono config path = 'D:/2020.2.3f1/Editor/Data/MonoBleedingEdge/etc'
Using monoOptions --debugger-agent=transport=dt_socket,embedding=1,server=y,suspend=n,address=127.0.0.1:56188
Begin MonoManager ReloadAssembly
Registering precompiled unity dll's ...
Register platform support module: D:/2020.2.3f1/Editor/Data/PlaybackEngines/WebGLSupport/UnityEditor.WebGL.Extensions.dll
Register platform support module: D:/2020.2.3f1/Editor/Data/PlaybackEngines/WindowsStandaloneSupport/UnityEditor.WindowsStandalone.Extensions.dll
Registered in 0.001606 seconds.
Native extension for WindowsStandalone target not found
Native extension for WebGL target not found
Refreshing native plugins compatible for Editor in 40.58 ms, found 0 plugins.
Preloading 0 native plugins for Editor in 0.00 ms.
Invoked RoslynAnalysisRunner static constructor.
RoslynAnalysisRunner will not be running.
RoslynAnalysisRunner has terminated.
Mono: successfully reloaded assembly
- Completed reload, in  1.718 seconds
Platform modules already initialized, skipping
Registering precompiled user dll's ...
Registered in 0.001042 seconds.
Begin MonoManager ReloadAssembly
Native extension for WindowsStandalone target not found
Native extension for WebGL target not found
Refreshing native plugins compatible for Editor in 0.32 ms, found 0 plugins.
Preloading 0 native plugins for Editor in 0.00 ms.
Invoked RoslynAnalysisRunner static constructor.
RoslynAnalysisRunner will not be running.
RoslynAnalysisRunner has terminated.
Mono: successfully reloaded assembly
- Completed reload, in  1.105 seconds
Platform modules already initialized, skipping
========================================================================
Worker process is ready to serve import requests
Launched and connected shader compiler UnityShaderCompiler.exe after 0.05 seconds
Refreshing native plugins compatible for Editor in 0.32 ms, found 0 plugins.
Preloading 0 native plugins for Editor in 0.00 ms.
Unloading 1226 Unused Serialized files (Serialized files now loaded: 0)
System memory in use before: 84.4 MB.
System memory in use after: 84.5 MB.

Unloading 10 unused Assets to reduce memory usage. Loaded Objects now: 1695.
Total: 2.176100 ms (FindLiveObjects: 0.178300 ms CreateObjectMapping: 0.056300 ms MarkObjects: 1.761900 ms  DeleteObjects: 0.178500 ms)

========================================================================
Received Import Request.
  path: Assets/Ground.prefab
  artifactKey: Guid(a449751f3feff2a4d93043f06eb615ee) Importer(815301076,1909f56bfc062723c751e8b465ee728b)
Start importing Assets/Ground.prefab using Guid(a449751f3feff2a4d93043f06eb615ee) Importer(815301076,1909f56bfc062723c751e8b465ee728b)  -> (artifact id: '052cce4f1bb2a96a98a78b26cc977d3a') in 0.140700 seconds
  Import took 0.143213 seconds .

========================================================================
Received Import Request.
  Time since last request: 0.507813 seconds.
  path: Assets/Ground.prefab
  artifactKey: Guid(a449751f3feff2a4d93043f06eb615ee) Importer(815301076,1909f56bfc062723c751e8b465ee728b)
Start importing Assets/Ground.prefab using Guid(a449751f3feff2a4d93043f06eb615ee) Importer(815301076,1909f56bfc062723c751e8b465ee728b)  -> (artifact id: '052cce4f1bb2a96a98a78b26cc977d3a') in 0.011716 seconds
  Import took 0.014284 seconds .

========================================================================
Received Import Request.
  Time since last request: 62.353351 seconds.
  path: Assets/Blockset.cs
  artifactKey: Guid(67e40f8645592d146b785e16b3544e7d) Importer(815301076,1909f56bfc062723c751e8b465ee728b)
Start importing Assets/Blockset.cs using Guid(67e40f8645592d146b785e16b3544e7d) Importer(815301076,1909f56bfc062723c751e8b465ee728b)  -> (artifact id: 'ccfa071664cc51e6904b42c977a0f859') in 0.010427 seconds
  Import took 0.013050 seconds .

========================================================================
Received Import Request.
  Time since last request: 0.057410 seconds.
  path: Assets/Blockset.cs
  artifactKey: Guid(67e40f8645592d146b785e16b3544e7d) Importer(815301076,1909f56bfc062723c751e8b465ee728b)
Start importing Assets/Blockset.cs using Guid(67e40f8645592d146b785e16b3544e7d) Importer(815301076,1909f56bfc062723c751e8b465ee728b)  -> (artifact id: 'ccfa071664cc51e6904b42c977a0f859') in 0.004736 seconds
  Import took 0.007210 seconds .

========================================================================
Received Prepare
Registering precompiled user dll's ...
Registered in 0.000914 seconds.
Begin MonoManager ReloadAssembly
Native extension for WindowsStandalone target not found
Native extension for WebGL target not found
Refreshing native plugins compatible for Editor in 0.36 ms, found 0 plugins.
Preloading 0 native plugins for Editor in 0.00 ms.
Invoked RoslynAnalysisRunner static constructor.
RoslynAnalysisRunner will not be running.
RoslynAnalysisRunner has terminated.
Mono: successfully reloaded assembly
- Completed reload, in  1.044 seconds
Platform modules already initialized, skipping
Refreshing native plugins compatible for Editor in 0.32 ms, found 0 plugins.
Preloading 0 native plugins for Editor in 0.00 ms.
Unloading 1201 Unused Serialized files (Serialized files now loaded: 0)
System memory in use before: 85.9 MB.
System memory in use after: 86.0 MB.

Unloading 6 unused Assets to reduce memory usage. Loaded Objects now: 1705.
Total: 3.434500 ms (FindLiveObjects: 0.264500 ms CreateObjectMapping: 0.090500 ms MarkObjects: 2.886100 ms  DeleteObjects: 0.191800 ms)

========================================================================
Received Prepare
Registering precompiled user dll's ...
Registered in 0.000684 seconds.
Begin MonoManager ReloadAssembly
Native extension for WindowsStandalone target not found
Native extension for WebGL target not found
Refreshing native plugins compatible for Editor in 0.53 ms, found 0 plugins.
Preloading 0 native plugins for Editor in 0.00 ms.
Invoked RoslynAnalysisRunner static constructor.
RoslynAnalysisRunner will not be running.
RoslynAnalysisRunner has terminated.
Mono: successfully reloaded assembly
- Completed reload, in  0.706 seconds
Platform modules already initialized, skipping
Refreshing native plugins compatible for Editor in 0.26 ms, found 0 plugins.
Preloading 0 native plugins for Editor in 0.00 ms.
Unloading 1201 Unused Serialized files (Serialized files now loaded: 0)
System memory in use before: 85.9 MB.
System memory in use after: 86.0 MB.

Unloading 5 unused Assets to reduce memory usage. Loaded Objects now: 1707.
Total: 2.147700 ms (FindLiveObjects: 0.158100 ms CreateObjectMapping: 0.042100 ms MarkObjects: 1.794800 ms  DeleteObjects: 0.151500 ms)

========================================================================
Received Prepare
Registering precompiled user dll's ...
Registered in 0.000639 seconds.
Begin MonoManager ReloadAssembly
Native extension for WindowsStandalone target not found
Native extension for WebGL target not found
Refreshing native plugins compatible for Editor in 0.24 ms, found 0 plugins.
Preloading 0 native plugins for Editor in 0.00 ms.
Invoked RoslynAnalysisRunner static constructor.
RoslynAnalysisRunner will not be running.
RoslynAnalysisRunner has terminated.
Mono: successfully reloaded assembly
- Completed reload, in  0.732 seconds
Platform modules already initialized, skipping
Refreshing native plugins compatible for Editor in 0.25 ms, found 0 plugins.
Preloading 0 native plugins for Editor in 0.00 ms.
Unloading 1201 Unused Serialized files (Serialized files now loaded: 0)
System memory in use before: 85.9 MB.
System memory in use after: 86.0 MB.

Unloading 5 unused Assets to reduce memory usage. Loaded Objects now: 1709.
Total: 1.775000 ms (FindLiveObjects: 0.145300 ms CreateObjectMapping: 0.040300 ms MarkObjects: 1.478800 ms  DeleteObjects: 0.109300 ms)

AssetImportWorkerClient::OnTransportError - code=2 error=End of file
